# JRE version: OpenJDK Runtime Environment Temurin-22.0.2+9 (22.0.2+9) (build 22.0.2+9)
# Java VM: OpenJDK 64-Bit Server VM Temurin-22.0.2+9 (22.0.2+9, mixed mode, tiered, compressed oops, compressed class ptrs, g1 gc, bsd-amd64)
Heap:
 garbage-first heap   total reserved 524288K, committed 262144K, used 86772K [0x00000007e0000000, 0x0000000800000000)
  region size 1024K, 51 young (52224K), 12 survivors (12288K)
 Metaspace       used 71385K, committed 73344K, reserved 393216K
  class space    used 9876K, committed 10816K, reserved 327680K
GC Heap History (20 events):
Event: 0.970 GC heap before
{Heap before GC invocations=1 (full 0):
 garbage-first heap   total reserved 524288K, committed 262144K, used 29100K [0x00000007e0000000, 0x0000000800000000)
  region size 1024K, 25 young (25600K), 2 survivors (2048K)
 Metaspace       used 11687K, committed 11840K, reserved 393216K
  class space    used 1193K, committed 1280K, reserved 327680K
}
Event: 0.979 GC heap after
{Heap after GC invocations=2 (full 0):
 garbage-first heap   total reserved 524288K, committed 262144K, used 12019K [0x00000007e0000000, 0x0000000800000000)
  region size 1024K, 4 young (4096K), 4 survivors (4096K)
 Metaspace       used 11687K, committed 11840K, reserved 393216K
  class space    used 1193K, committed 1280K, reserved 327680K
}
Event: 1.435 GC heap before
{Heap before GC invocations=2 (full 0):
 garbage-first heap   total reserved 524288K, committed 262144K, used 41715K [0x00000007e0000000, 0x0000000800000000)
  region size 1024K, 31 young (31744K), 4 survivors (4096K)
 Metaspace       used 14293K, committed 14528K, reserved 393216K
  class space    used 1514K, committed 1664K, reserved 327680K
}
Event: 1.444 GC heap after
{Heap after GC invocations=3 (full 0):
 garbage-first heap   total reserved 524288K, committed 262144K, used 18323K [0x00000007e0000000, 0x0000000800000000)
  region size 1024K, 4 young (4096K), 4 survivors (4096K)
 Metaspace       used 14293K, committed 14528K, reserved 393216K
  class space    used 1514K, committed 1664K, reserved 327680K
}
Event: 2.325 GC heap before
{Heap before GC invocations=3 (full 0):
 garbage-first heap   total reserved 524288K, committed 262144K, used 43923K [0x00000007e0000000, 0x0000000800000000)
  region size 1024K, 30 young (30720K), 4 survivors (4096K)
 Metaspace       used 21232K, committed 21504K, reserved 393216K
  class space    used 2412K, committed 2560K, reserved 327680K
}
Event: 2.334 GC heap after
{Heap after GC invocations=4 (full 0):
 garbage-first heap   total reserved 524288K, committed 262144K, used 20371K [0x00000007e0000000, 0x0000000800000000)
  region size 1024K, 6 young (6144K), 6 survivors (6144K)
 Metaspace       used 21232K, committed 21504K, reserved 393216K
  class space    used 2412K, committed 2560K, reserved 327680K
}
Event: 5.175 GC heap before
{Heap before GC invocations=5 (full 0):
 garbage-first heap   total reserved 524288K, committed 262144K, used 122771K [0x00000007e0000000, 0x0000000800000000)
  region size 1024K, 108 young (110592K), 6 survivors (6144K)
 Metaspace       used 35200K, committed 36160K, reserved 393216K
  class space    used 4750K, committed 5184K, reserved 327680K
}
Event: 5.193 GC heap after
{Heap after GC invocations=6 (full 0):
 garbage-first heap   total reserved 524288K, committed 262144K, used 26403K [0x00000007e0000000, 0x0000000800000000)
  region size 1024K, 12 young (12288K), 12 survivors (12288K)
 Metaspace       used 35200K, committed 36160K, reserved 393216K
  class space    used 4750K, committed 5184K, reserved 327680K
}
Event: 5.229 GC heap before
{Heap before GC invocations=6 (full 0):
 garbage-first heap   total reserved 524288K, committed 262144K, used 28451K [0x00000007e0000000, 0x0000000800000000)
  region size 1024K, 15 young (15360K), 12 survivors (12288K)
 Metaspace       used 35510K, committed 36480K, reserved 393216K
  class space    used 4800K, committed 5248K, reserved 327680K
}
Event: 5.248 GC heap after
{Heap after GC invocations=7 (full 0):
 garbage-first heap   total reserved 524288K, committed 262144K, used 26375K [0x00000007e0000000, 0x0000000800000000)
  region size 1024K, 8 young (8192K), 8 survivors (8192K)
 Metaspace       used 35510K, committed 36480K, reserved 393216K
  class space    used 4800K, committed 5248K, reserved 327680K
}
Event: 5.282 GC heap before
{Heap before GC invocations=7 (full 0):
 garbage-first heap   total reserved 524288K, committed 262144K, used 29447K [0x00000007e0000000, 0x0000000800000000)
  region size 1024K, 12 young (12288K), 8 survivors (8192K)
 Metaspace       used 35745K, committed 36800K, reserved 393216K
  class space    used 4847K, committed 5376K, reserved 327680K
}
Event: 5.293 GC heap after
{Heap after GC invocations=8 (full 0):
 garbage-first heap   total reserved 524288K, committed 262144K, used 26774K [0x00000007e0000000, 0x0000000800000000)
  region size 1024K, 9 young (9216K), 9 survivors (9216K)
 Metaspace       used 35745K, committed 36800K, reserved 393216K
  class space    used 4847K, committed 5376K, reserved 327680K
}
Event: 8.073 GC heap before
{Heap before GC invocations=9 (full 0):
 garbage-first heap   total reserved 524288K, committed 262144K, used 175254K [0x00000007e0000000, 0x0000000800000000)
  region size 1024K, 153 young (156672K), 9 survivors (9216K)
 Metaspace       used 53638K, committed 55232K, reserved 393216K
  class space    used 7383K, committed 8192K, reserved 327680K
}
Event: 8.115 GC heap after
{Heap after GC invocations=10 (full 0):
 garbage-first heap   total reserved 524288K, committed 262144K, used 36063K [0x00000007e0000000, 0x0000000800000000)
  region size 1024K, 18 young (18432K), 18 survivors (18432K)
 Metaspace       used 53638K, committed 55232K, reserved 393216K
  class space    used 7383K, committed 8192K, reserved 327680K
}
Event: 9.433 GC heap before
{Heap before GC invocations=10 (full 0):
 garbage-first heap   total reserved 524288K, committed 262144K, used 102623K [0x00000007e0000000, 0x0000000800000000)
  region size 1024K, 84 young (86016K), 18 survivors (18432K)
 Metaspace       used 59977K, committed 61696K, reserved 393216K
  class space    used 8373K, committed 9216K, reserved 327680K
}
Event: 9.461 GC heap after
{Heap after GC invocations=11 (full 0):
 garbage-first heap   total reserved 524288K, committed 262144K, used 39734K [0x00000007e0000000, 0x0000000800000000)
  region size 1024K, 14 young (14336K), 14 survivors (14336K)
 Metaspace       used 59977K, committed 61696K, reserved 393216K
  class space    used 8373K, committed 9216K, reserved 327680K
}
Event: 9.486 GC heap before
{Heap before GC invocations=11 (full 0):
 garbage-first heap   total reserved 524288K, committed 262144K, used 41782K [0x00000007e0000000, 0x0000000800000000)
  region size 1024K, 17 young (17408K), 14 survivors (14336K)
 Metaspace       used 60275K, committed 62016K, reserved 393216K
  class space    used 8401K, committed 9216K, reserved 327680K
}
Event: 9.506 GC heap after
{Heap after GC invocations=12 (full 0):
 garbage-first heap   total reserved 524288K, committed 262144K, used 41472K [0x00000007e0000000, 0x0000000800000000)
  region size 1024K, 6 young (6144K), 6 survivors (6144K)
 Metaspace       used 60275K, committed 62016K, reserved 393216K
  class space    used 8401K, committed 9216K, reserved 327680K
}
Event: 13.261 GC heap before
{Heap before GC invocations=13 (full 0):
 garbage-first heap   total reserved 524288K, committed 262144K, used 192000K [0x00000007e0000000, 0x0000000800000000)
  region size 1024K, 153 young (156672K), 6 survivors (6144K)
 Metaspace       used 69424K, committed 71360K, reserved 393216K
  class space    used 9599K, committed 10560K, reserved 327680K
}
Event: 13.279 GC heap after
{Heap after GC invocations=14 (full 0):
 garbage-first heap   total reserved 524288K, committed 262144K, used 47616K [0x00000007e0000000, 0x0000000800000000)
  region size 1024K, 12 young (12288K), 12 survivors (12288K)
 Metaspace       used 69424K, committed 71360K, reserved 393216K
  class space    used 9599K, committed 10560K, reserved 327680K
}

